0 info it worked if it ends with ok
1 verbose cli [ '/usr/local/bin/node',
1 verbose cli   '/usr/local/bin/npm',
1 verbose cli   'publish',
1 verbose cli   '--registry',
1 verbose cli   'https://registry.npmjs.org' ]
2 info using npm@3.10.9
3 info using node@v6.9.2
4 verbose publish [ '.' ]
5 silly cache add args [ '.', null ]
6 verbose cache add spec .
7 silly cache add parsed spec Result {
7 silly cache add   raw: '.',
7 silly cache add   scope: null,
7 silly cache add   escapedName: null,
7 silly cache add   name: null,
7 silly cache add   rawSpec: '.',
7 silly cache add   spec: '/Users/georgelin/Desktop/workspace/myApp/kii-reporting-2',
7 silly cache add   type: 'directory' }
8 verbose addLocalDirectory /Users/georgelin/.npm/kii-reporting-2/1.0.3/package.tgz not in flight; packing
9 verbose correctMkdir /Users/georgelin/.npm correctMkdir not in flight; initializing
10 info lifecycle kii-reporting-2@1.0.3~prepublish: kii-reporting-2@1.0.3
11 silly lifecycle kii-reporting-2@1.0.3~prepublish: no script for prepublish, continuing
12 verbose tar pack [ '/Users/georgelin/.npm/kii-reporting-2/1.0.3/package.tgz',
12 verbose tar pack   '/Users/georgelin/Desktop/workspace/myApp/kii-reporting-2' ]
13 verbose tarball /Users/georgelin/.npm/kii-reporting-2/1.0.3/package.tgz
14 verbose folder /Users/georgelin/Desktop/workspace/myApp/kii-reporting-2
15 verbose addLocalTarball adding from inside cache /Users/georgelin/.npm/kii-reporting-2/1.0.3/package.tgz
16 verbose correctMkdir /Users/georgelin/.npm correctMkdir not in flight; initializing
17 silly cache afterAdd kii-reporting-2@1.0.3
18 verbose afterAdd /Users/georgelin/.npm/kii-reporting-2/1.0.3/package/package.json not in flight; writing
19 verbose correctMkdir /Users/georgelin/.npm correctMkdir not in flight; initializing
20 verbose afterAdd /Users/georgelin/.npm/kii-reporting-2/1.0.3/package/package.json written
21 silly publish { name: 'kii-reporting-2',
21 silly publish   version: '1.0.3',
21 silly publish   description: 'kii reporting framework',
21 silly publish   main: 'dist/index.js',
21 silly publish   typings: './dist/index.d.ts',
21 silly publish   keywords:
21 silly publish    [ 'Elastic Search compatable',
21 silly publish      'line',
21 silly publish      'bar',
21 silly publish      'pie',
21 silly publish      'scatter',
21 silly publish      'charts',
21 silly publish      'reporting',
21 silly publish      'visualization' ],
21 silly publish   author: { name: 'george.lin@kii.com' },
21 silly publish   license: 'MIT',
21 silly publish   scripts:
21 silly publish    { 'build:aot:prod': 'npm run clean:dist && npm run clean:aot && npm run ngc -- --webpack config/webpack.prod.js && webpack --config config/webpack.prod.js  --progress --profile --bail',
21 silly publish      'build:aot': 'npm run build:aot:prod',
21 silly publish      'build:dev': 'npm run clean:dist && webpack --config config/webpack.dev.js --progress --profile',
21 silly publish      'build:prod': 'npm run clean:dist && webpack --config config/webpack.prod.js  --progress --profile --bail && npm run compile',
21 silly publish      build: 'npm run build:dev',
21 silly publish      compile: 'tsc -p tsconfig.prod.json --outDir dist --rootDir src/',
21 silly publish      'ci:aot': 'npm run lint && npm run test && npm run build:aot && npm run e2e',
21 silly publish      'ci:jit': 'npm run lint && npm run test && npm run build:prod && npm run e2e',
21 silly publish      'ci:nobuild': 'npm run lint && npm test && npm run e2e',
21 silly publish      'ci:testall': 'npm run lint && npm run test && npm run build:prod && npm run e2e && npm run build:aot && npm run e2e',
21 silly publish      ci: 'npm run ci:testall',
21 silly publish      'clean:aot': 'npm run rimraf -- compiled',
21 silly publish      'clean:dist': 'npm run rimraf -- dist',
21 silly publish      'clean:install': 'npm set progress=false && npm install',
21 silly publish      'clean:start': 'npm start',
21 silly publish      clean: 'npm cache clean && npm run rimraf -- node_modules doc coverage dist compiled',
21 silly publish      docs: 'npm run typedoc -- --options typedoc.json --exclude \'**/*.spec.ts\' ./src/',
21 silly publish      'github-deploy:dev': 'webpack --config config/webpack.github-deploy.js --progress --profile --env.githubDev',
21 silly publish      'github-deploy:prod': 'webpack --config config/webpack.github-deploy.js --progress --profile --env.githubProd',
21 silly publish      'github-deploy': 'npm run github-deploy:dev',
21 silly publish      lint: 'npm run tslint "src/**/*.ts"',
21 silly publish      ngc: 'ngc-w -p tsconfig.webpack.json',
21 silly publish      postversion: 'git push && git push --tags',
21 silly publish      'prebuild:dev': 'npm run clean:dist',
21 silly publish      'prebuild:prod': 'npm run clean:dist',
21 silly publish      'preclean:install': 'npm run clean',
21 silly publish      'preclean:start': 'npm run clean',
21 silly publish      pree2e: 'npm run webdriver:update -- --standalone',
21 silly publish      preversion: 'npm test',
21 silly publish      rimraf: 'rimraf',
21 silly publish      'server:dev:hmr': 'npm run server:dev -- --inline --hot',
21 silly publish      'server:dev': 'webpack-dev-server --config config/webpack.dev.js --progress --profile --watch --content-base src/',
21 silly publish      'server:prod': 'http-server dist -c-1 --cors',
21 silly publish      'server:prod:ci': 'http-server dist -p 3000 -c-1 --cors',
21 silly publish      server: 'npm run server:dev',
21 silly publish      'start:hmr': 'npm run server:dev:hmr',
21 silly publish      start: 'npm run server:dev',
21 silly publish      test: 'npm run lint && karma start',
21 silly publish      tslint: 'tslint',
21 silly publish      typedoc: 'typedoc',
21 silly publish      version: 'npm run build',
21 silly publish      'watch:dev:hmr': 'npm run watch:dev -- --hot',
21 silly publish      'watch:dev': 'npm run build:dev -- --watch',
21 silly publish      'watch:prod': 'npm run build:prod -- --watch',
21 silly publish      'watch:test': 'npm run test -- --auto-watch --no-single-run',
21 silly publish      watch: 'npm run watch:dev',
21 silly publish      'webdriver-manager': 'webdriver-manager',
21 silly publish      'webdriver:start': 'npm run webdriver-manager start',
21 silly publish      'webdriver:update': 'npm run webdriver-manager update',
21 silly publish      'webpack-dev-server': 'webpack-dev-server',
21 silly publish      webpack: 'webpack' },
21 silly publish   dependencies:
21 silly publish    { echarts: '^3.4.0',
21 silly publish      'ie-shim': '^0.1.0',
21 silly publish      'jasmine-core': '^2.5.2',
21 silly publish      'reflect-metadata': '^0.1.9',
21 silly publish      rxjs: '~5.0.2' },
21 silly publish   devDependencies:
21 silly publish    { '@types/core-js': '^0.9.35',
21 silly publish      '@types/echarts': '0.0.5',
21 silly publish      '@types/jasmine': '^2.2.34',
21 silly publish      '@types/jquery': '^2.0.40',
21 silly publish      '@types/node': '^6.0.38',
21 silly publish      '@types/selenium-webdriver': '2.53.38',
21 silly publish      '@types/source-map': '^0.5.0',
21 silly publish      '@types/uglify-js': '^2.0.27',
21 silly publish      '@types/webpack': '^2.0.0',
21 silly publish      'assets-webpack-plugin': '^3.4.0',
21 silly publish      'awesome-typescript-loader': '~3.0.0-beta.17',
21 silly publish      'copy-webpack-plugin': '^4.0.0',
21 silly publish      'css-loader': '^0.26.0',
21 silly publish      'exports-loader': '^0.6.3',
21 silly publish      'expose-loader': '^0.7.1',
21 silly publish      'file-loader': '^0.9.0',
21 silly publish      'gh-pages': '^0.12.0',
21 silly publish      'html-webpack-plugin': '^2.21.0',
21 silly publish      'imports-loader': '^0.7.0',
21 silly publish      'istanbul-instrumenter-loader': '1.2.0',
21 silly publish      'jasmine-core': '^2.5.2',
21 silly publish      'javascript-editor': '^1.0.3',
21 silly publish      jquery: '^3.1.1',
21 silly publish      'json-loader': '^0.5.4',
21 silly publish      karma: '^1.2.0',
21 silly publish      'karma-chrome-launcher': '^2.0.0',
21 silly publish      'karma-coverage': '^1.1.1',
21 silly publish      'karma-jasmine': '^1.0.2',
21 silly publish      'karma-mocha-reporter': '^2.0.0',
21 silly publish      'karma-remap-coverage': '^0.1.4',
21 silly publish      'karma-sourcemap-loader': '^0.3.7',
21 silly publish      'karma-webpack': '1.8.1',
21 silly publish      'ngc-webpack': '^1.0.2',
21 silly publish      'npm-run-all': '^4.0.0',
21 silly publish      parse5: '^3.0.1',
21 silly publish      'raw-loader': '0.5.1',
21 silly publish      rimraf: '~2.5.4',
21 silly publish      'script-ext-html-webpack-plugin': '^1.3.2',
21 silly publish      'source-map-loader': '^0.1.5',
21 silly publish      'string-replace-loader': '1.0.5',
21 silly publish      'style-loader': '^0.13.1',
21 silly publish      'to-string-loader': '^1.1.4',
21 silly publish      'ts-helpers': '1.1.2',
21 silly publish      'ts-loader': '^2.0.0',
21 silly publish      'ts-node': '^2.0.0',
21 silly publish      tslint: '~4.2.0',
21 silly publish      typedoc: '^0.5.3',
21 silly publish      typescript: '2.0.10',
21 silly publish      'url-loader': '^0.5.7',
21 silly publish      'v8-lazy-parse-webpack-plugin': '^0.3.0',
21 silly publish      webpack: '2.2.0-rc.3',
21 silly publish      'webpack-dev-middleware': '^1.6.1',
21 silly publish      'webpack-dev-server': '2.2.0-rc.0',
21 silly publish      'webpack-md5-hash': '^0.0.5',
21 silly publish      'webpack-merge': '~2.0.0' },
21 silly publish   readme: '## Kii-Reporting Framework\n![image](https://cloud.githubusercontent.com/assets/8529214/22919593/aa2f4580-f2cb-11e6-8aba-e929c7f0e9db.png)\n\n\n\n### Description\nKii Reporting Framework is designed to be a Elastic Search compatable and query-view schema based reporting charts renderer. The main advantages are:\n- Powerful interactive UI.\n- No more data formatter for complex Elastic Search Response. Data formating is done by framework.\n- Easy to ember in H5 project. The project is pure javascript implementation.\n- Intuitive JSON data structure.\n\n```javascript\n// a simple pie chart schema\nvar opts = {\n  "chartOptions": {\n    "pie": {\n    \t"series": [{\n        "field": "Position>CALC"\n      }]\n    }\n  },\n  "chartQuery": {\n    "filter": {\n    \t"must_not": [],\n      "must": [\n        {\n          "terms": {\n            "state.target": [\n              "th.f83120e36100-870b-6e11-b1d8-026da82a",\n              "th.f83120e36100-870b-6e11-b1d8-034dff1a"\n            ]\n          }\n        },\n        {\n          "range": {\n            "state.date": {\n              "gte": 1454406685000,\n              "lte": 1486115485121,\n              "format": "epoch_millis"\n            }\n          }\n        }\n      ]\n    },\n    "aggregation": {\n      "Position": {\n        "aggs": {\n          "CALC": {\n            "sum": {\n              "field": "state.CO2"\n            }\n          }\n        },\n        "terms": {\n          "field": "state.target"\n        }\n      }\n    }\n  }\n};\n\n// es response \nlet response = \'...\';\n```\n\n```javascript\n// init framework\nlet {\n  formatterEngine, chartEngine\n} = bootstrap();\n\n// get data formatter\nlet parser = new KRQueryParser();\nlet formatter = parser.parseQuery(opts.chartQuery);\n\n// formatter data\nlet dataDict = formatterEngine.format(response, formatter);\n\n// rendering chart on target element\nlet target = document.getElementById(\'target\');\nchartEngine.render(target, opts.chartOptions, dataDict, formatter);\n```\n\n### Development Guide\n#### Prerequisite\n- nodejs > 4.0\n- typescript > 2.0\n\n### CLI\n- run on development mode by `npm start`, and visit http://localhost:3001\n- build production by `npm run build:prod`\n\n\n  ',
21 silly publish   readmeFilename: 'readme.md',
21 silly publish   gitHead: '81bd9fcc00ac2a4ffec36e382284b870f2687921',
21 silly publish   _id: 'kii-reporting-2@1.0.3',
21 silly publish   _shasum: '066e7c2c1c985127b40042cec1455b974aa119d9',
21 silly publish   _from: '.' }
22 verbose getPublishConfig undefined
23 silly mapToRegistry name kii-reporting-2
24 silly mapToRegistry using default registry
25 silly mapToRegistry registry https://registry.npmjs.org/
26 silly mapToRegistry data Result {
26 silly mapToRegistry   raw: 'kii-reporting-2',
26 silly mapToRegistry   scope: null,
26 silly mapToRegistry   escapedName: 'kii-reporting-2',
26 silly mapToRegistry   name: 'kii-reporting-2',
26 silly mapToRegistry   rawSpec: '',
26 silly mapToRegistry   spec: 'latest',
26 silly mapToRegistry   type: 'tag' }
27 silly mapToRegistry uri https://registry.npmjs.org/kii-reporting-2
28 verbose publish registryBase https://registry.npmjs.org/
29 silly publish uploading /Users/georgelin/.npm/kii-reporting-2/1.0.3/package.tgz
30 verbose request uri https://registry.npmjs.org/kii-reporting-2
31 verbose request sending authorization for write operation
32 info attempt registry request try #1 at 11:52:41
33 verbose request using bearer token for auth
34 verbose request id c42d76750861a389
35 http request PUT https://registry.npmjs.org/kii-reporting-2
36 http 403 https://registry.npmjs.org/kii-reporting-2
37 verbose headers { 'content-type': 'application/json',
37 verbose headers   'cache-control': 'max-age=300',
37 verbose headers   'content-length': '95',
37 verbose headers   'accept-ranges': 'bytes',
37 verbose headers   date: 'Wed, 22 Feb 2017 03:52:41 GMT',
37 verbose headers   via: '1.1 varnish',
37 verbose headers   connection: 'keep-alive',
37 verbose headers   'x-served-by': 'cache-nrt6130-NRT',
37 verbose headers   'x-cache': 'MISS',
37 verbose headers   'x-cache-hits': '0',
37 verbose headers   'x-timer': 'S1487735560.577973,VS0,VE1109',
37 verbose headers   vary: 'Accept-Encoding' }
38 verbose request invalidating /Users/georgelin/.npm/registry.npmjs.org/kii-reporting-2 on PUT
39 error publish Failed PUT 403
40 verbose stack Error: "You cannot publish over the previously published version 1.0.3." : kii-reporting-2
40 verbose stack     at makeError (/usr/local/lib/node_modules/npm/node_modules/npm-registry-client/lib/request.js:302:12)
40 verbose stack     at CachingRegistryClient.<anonymous> (/usr/local/lib/node_modules/npm/node_modules/npm-registry-client/lib/request.js:290:14)
40 verbose stack     at Request._callback (/usr/local/lib/node_modules/npm/node_modules/npm-registry-client/lib/request.js:210:14)
40 verbose stack     at Request.self.callback (/usr/local/lib/node_modules/npm/node_modules/request/request.js:187:22)
40 verbose stack     at emitTwo (events.js:106:13)
40 verbose stack     at Request.emit (events.js:191:7)
40 verbose stack     at Request.<anonymous> (/usr/local/lib/node_modules/npm/node_modules/request/request.js:1048:10)
40 verbose stack     at emitOne (events.js:96:13)
40 verbose stack     at Request.emit (events.js:188:7)
40 verbose stack     at IncomingMessage.<anonymous> (/usr/local/lib/node_modules/npm/node_modules/request/request.js:969:12)
41 verbose statusCode 403
42 verbose pkgid kii-reporting-2
43 verbose cwd /Users/georgelin/Desktop/workspace/myApp/kii-reporting-2
44 error Darwin 14.5.0
45 error argv "/usr/local/bin/node" "/usr/local/bin/npm" "publish" "--registry" "https://registry.npmjs.org"
46 error node v6.9.2
47 error npm  v3.10.9
48 error code E403
49 error "You cannot publish over the previously published version 1.0.3." : kii-reporting-2
50 error If you need help, you may report this error at:
50 error     <https://github.com/npm/npm/issues>
51 verbose exit [ 1, true ]
